\BOOKMARK [0][-]{chapter.1}{绪 论}{}% 1
\BOOKMARK [1][-]{section.1.1}{研究工作的背景与意义}{chapter.1}% 2
\BOOKMARK [1][-]{section.1.2}{强化学习算法的国内外研究历史与现状}{chapter.1}% 3
\BOOKMARK [1][-]{section.1.3}{本文的主要贡献与创新}{chapter.1}% 4
\BOOKMARK [1][-]{section.1.4}{本论文的结构安排}{chapter.1}% 5
\BOOKMARK [0][-]{chapter.2}{强化学习理论}{}% 6
\BOOKMARK [1][-]{section.2.1}{强化学习基础}{chapter.2}% 7
\BOOKMARK [1][-]{section.2.2}{基于值函数的深度强化学习}{chapter.2}% 8
\BOOKMARK [2][-]{subsection.2.2.1}{深度Q网络}{section.2.2}% 9
\BOOKMARK [3][-]{subsubsection.2.2.1.1}{模型结构}{subsection.2.2.1}% 10
\BOOKMARK [3][-]{subsubsection.2.2.1.2}{训练算法}{subsection.2.2.1}% 11
\BOOKMARK [2][-]{subsection.2.2.2}{深度Q网络训练算法的改进}{section.2.2}% 12
\BOOKMARK [3][-]{subsubsection.2.2.2.1}{深度双Q网络}{subsection.2.2.2}% 13
\BOOKMARK [3][-]{subsubsection.2.2.2.2}{基于优势学习的深度Q网络}{subsection.2.2.2}% 14
\BOOKMARK [3][-]{subsubsection.2.2.2.3}{基于优先级采样的深度Q网络}{subsection.2.2.2}% 15
\BOOKMARK [2][-]{subsection.2.2.3}{DQN模型结构的改进}{section.2.2}% 16
\BOOKMARK [3][-]{subsubsection.2.2.3.1}{基于竞争架构的DQN}{subsection.2.2.3}% 17
\BOOKMARK [3][-]{subsubsection.2.2.3.2}{深度循环Q网络}{subsection.2.2.3}% 18
\BOOKMARK [1][-]{section.2.3}{基于策略梯度的深度强化学习}{chapter.2}% 19
\BOOKMARK [2][-]{subsection.2.3.1}{深度策略梯度的起源与发展}{section.2.3}% 20
\BOOKMARK [2][-]{subsection.2.3.2}{基于行动者评论家的深度策略梯度方法}{section.2.3}% 21
\BOOKMARK [2][-]{subsection.2.3.3}{异步优势行动者评论家算法}{section.2.3}% 22
\BOOKMARK [0][-]{chapter.3}{全文总结与展望}{}% 23
\BOOKMARK [1][-]{section.3.1}{全文总结}{chapter.3}% 24
\BOOKMARK [1][-]{section.3.2}{后续工作展望}{chapter.3}% 25
\BOOKMARK [0][-]{chapter*.11}{致 谢}{}% 26
\BOOKMARK [0][-]{chapter*.12}{参考文献}{}% 27
\BOOKMARK [0][-]{chapter*.13}{附录}{}% 28
\BOOKMARK [0][-]{chapter*.14}{攻读本科学位期间取得的成果}{}% 29
\BOOKMARK [0][-]{chapter*.15}{外文资料原文}{}% 30
\BOOKMARK [1][-]{section.3.1}{A\040Tight\040Upper\040Bound\040on\040Bit\040Error\040Rate}{chapter*.15}% 31
\BOOKMARK [0][-]{chapter*.16}{外文资料译文}{}% 32
\BOOKMARK [1][-]{section.3.1}{基于多载波索引键控的正交频分多路复用系统模型}{chapter*.16}% 33
